<?xml version="1.0" encoding="UTF-8"?>
<!-- Generated by org.testng.reporters.JUnitXMLReporter -->
<testsuite ignored="8" hostname="NCSIN02D4GYP3C0" failures="1" tests="13" name="Testng" time="281.429" errors="0" timestamp="2024-04-11T17:28:37 IST">
  <testcase classname="capstone.pharmeasy.pim.Browser" name="@AfterMethod afterMethod" time="3.005">
    <failure type="java.lang.NullPointerException">
      <![CDATA[java.lang.NullPointerException
at capstone.pharmeasy.utils.TestUtility.capturescreenshot(TestUtility.java:16)
at capstone.pharmeasy.reports.CustomReports.finishReportAfterTest(CustomReports.java:38)
at capstone.pharmeasy.pim.Browser.afterMethod(Browser.java:56)
at java.base/java.util.ArrayList.forEach(ArrayList.java:1541)
... Removed 32 stack frames]]>
    </failure>
  </testcase> <!-- @AfterMethod afterMethod -->
  <testcase classname="capstone.pharmeasy.pim.Browser" name="@AfterMethod afterMethod" time="-1.712836680726E9">
    <skipped/>
  </testcase> <!-- @AfterMethod afterMethod -->
  <testcase classname="capstone.pharmeasy.pim.Browser" name="@AfterClass afterClass" time="-1.712836680727E9">
    <skipped/>
  </testcase> <!-- @AfterClass afterClass -->
  <testcase classname="capstone.pharmeasy.pim.Carrers_Search" name="SearchResultsValidInputs" time="27.876"/>
  <testcase classname="capstone.pharmeasy.pim.HomePageTest" name="check_valid_deliverycode" time="5.432"/>
  <testcase classname="capstone.pharmeasy.pim.Carrers_Search" name="SearchResultsBlankInputs" time="22.539"/>
  <testcase classname="capstone.pharmeasy.pim.PartnerTest" name="ValidFileds" time="25.57"/>
  <testcase classname="capstone.pharmeasy.pim.PartnerTest" name="BlankFields" time="24.323"/>
  <testcase classname="capstone.pharmeasy.pim.PharmeasyTest" name="pharmeasySearchtest" time="7.343"/>
  <testcase classname="capstone.pharmeasy.pim.HomePageTest" name="check_invalid_deliverycode" time="15.714"/>
  <testcase classname="capstone.pharmeasy.pim.PharmeasyTest" name="featureBrandtest" time="9.644"/>
  <testcase classname="capstone.pharmeasy.pim.HomePageTest" name="check_notinservice_deliverycode" time="12.648"/>
  <testcase classname="capstone.pharmeasy.pim.PharmeasyTest" name="pharmeasyOrderFromValuetest" time="16.112">
    <failure type="org.openqa.selenium.ElementClickInterceptedException" message="element click intercepted: Element &amp;lt;li class=&amp;quot;MuiButtonBase-root MuiListItem-root MuiMenuItem-root Select_listRoot__QBKiS QuantitySelector_menuItemsRoot__XWmq1 MuiMenuItem-gutters MuiListItem-gutters MuiListItem-button&amp;quot; tabindex=&amp;quot;0&amp;quot; role=&amp;quot;option&amp;quot; aria-disabled=&amp;quot;false&amp;quot; data-value=&amp;quot;1&amp;quot;&amp;gt;...&amp;lt;/li&amp;gt; is not clickable at point (89, 325). Other element would receive the click: &amp;lt;li class=&amp;quot;MuiButtonBase-root MuiListItem-root MuiMenuItem-root Select_listRoot__QBKiS QuantitySelector_menuItemsRoot__XWmq1 MuiMenuItem-gutters MuiListItem-gutters MuiListItem-button&amp;quot; tabindex=&amp;quot;-1&amp;quot; role=&amp;quot;option&amp;quot; aria-disabled=&amp;quot;false&amp;quot; data-value=&amp;quot;3&amp;quot;&amp;gt;...&amp;lt;/li&amp;gt;
  (Session info: MicrosoftEdge=123.0.2420.81)
Build info: version: &amp;apos;4.13.0&amp;apos;, revision: &amp;apos;ba948ece5b*&amp;apos;
System info: os.name: &amp;apos;Windows 11&amp;apos;, os.arch: &amp;apos;amd64&amp;apos;, os.version: &amp;apos;10.0&amp;apos;, java.version: &amp;apos;11.0.22&amp;apos;
Driver info: org.openqa.selenium.edge.EdgeDriver
Command: [9a079824632424e0529b008a3c170f9d, clickElement {id=f.ABDF7E8D3D11AB75AA2F14EF069544D0.d.39AECE41A258A470B86850EE9DBD7F63.e.952}]
Capabilities {acceptInsecureCerts: false, browserName: MicrosoftEdge, browserVersion: 123.0.2420.81, fedcm:accounts: true, ms:edgeOptions: {debuggerAddress: localhost:59952}, msedge: {msedgedriverVersion: 123.0.2420.81 (8acdca46cf48..., userDataDir: C:\Users\p1357920\AppData\L...}, networkConnectionEnabled: false, pageLoadStrategy: normal, platformName: windows, proxy: Proxy(), se:cdp: ws://localhost:59952/devtoo..., se:cdpVersion: 123.0.2420.81, setWindowRect: true, strictFileInteractability: false, timeouts: {implicit: 0, pageLoad: 300000, script: 30000}, unhandledPromptBehavior: dismiss and notify, webauthn:extension:credBlob: true, webauthn:extension:largeBlob: true, webauthn:extension:minPinLength: true, webauthn:extension:prf: true, webauthn:virtualAuthenticators: true}
Element: [[EdgeDriver: MicrosoftEdge on windows (9a079824632424e0529b008a3c170f9d)] -&amp;gt; xpath: //li[normalize-space()=&amp;apos;1&amp;apos;]]
Session ID: 9a079824632424e0529b008a3c170f9d">
      <![CDATA[org.openqa.selenium.ElementClickInterceptedException: element click intercepted: Element <li class="MuiButtonBase-root MuiListItem-root MuiMenuItem-root Select_listRoot__QBKiS QuantitySelector_menuItemsRoot__XWmq1 MuiMenuItem-gutters MuiListItem-gutters MuiListItem-button" tabindex="0" role="option" aria-disabled="false" data-value="1">...</li> is not clickable at point (89, 325). Other element would receive the click: <li class="MuiButtonBase-root MuiListItem-root MuiMenuItem-root Select_listRoot__QBKiS QuantitySelector_menuItemsRoot__XWmq1 MuiMenuItem-gutters MuiListItem-gutters MuiListItem-button" tabindex="-1" role="option" aria-disabled="false" data-value="3">...</li>
  (Session info: MicrosoftEdge=123.0.2420.81)
Build info: version: '4.13.0', revision: 'ba948ece5b*'
System info: os.name: 'Windows 11', os.arch: 'amd64', os.version: '10.0', java.version: '11.0.22'
Driver info: org.openqa.selenium.edge.EdgeDriver
Command: [9a079824632424e0529b008a3c170f9d, clickElement {id=f.ABDF7E8D3D11AB75AA2F14EF069544D0.d.39AECE41A258A470B86850EE9DBD7F63.e.952}]
Capabilities {acceptInsecureCerts: false, browserName: MicrosoftEdge, browserVersion: 123.0.2420.81, fedcm:accounts: true, ms:edgeOptions: {debuggerAddress: localhost:59952}, msedge: {msedgedriverVersion: 123.0.2420.81 (8acdca46cf48..., userDataDir: C:\Users\p1357920\AppData\L...}, networkConnectionEnabled: false, pageLoadStrategy: normal, platformName: windows, proxy: Proxy(), se:cdp: ws://localhost:59952/devtoo..., se:cdpVersion: 123.0.2420.81, setWindowRect: true, strictFileInteractability: false, timeouts: {implicit: 0, pageLoad: 300000, script: 30000}, unhandledPromptBehavior: dismiss and notify, webauthn:extension:credBlob: true, webauthn:extension:largeBlob: true, webauthn:extension:minPinLength: true, webauthn:extension:prf: true, webauthn:virtualAuthenticators: true}
Element: [[EdgeDriver: MicrosoftEdge on windows (9a079824632424e0529b008a3c170f9d)] -> xpath: //li[normalize-space()='1']]
Session ID: 9a079824632424e0529b008a3c170f9d
at org.openqa.selenium.remote.codec.w3c.W3CHttpResponseCodec.createException(W3CHttpResponseCodec.java:200)
at org.openqa.selenium.remote.codec.w3c.W3CHttpResponseCodec.decode(W3CHttpResponseCodec.java:133)
at org.openqa.selenium.remote.codec.w3c.W3CHttpResponseCodec.decode(W3CHttpResponseCodec.java:52)
at org.openqa.selenium.remote.HttpCommandExecutor.execute(HttpCommandExecutor.java:191)
at org.openqa.selenium.remote.service.DriverCommandExecutor.invokeExecute(DriverCommandExecutor.java:196)
at org.openqa.selenium.remote.service.DriverCommandExecutor.execute(DriverCommandExecutor.java:171)
at org.openqa.selenium.remote.RemoteWebDriver.execute(RemoteWebDriver.java:602)
at org.openqa.selenium.remote.RemoteWebElement.execute(RemoteWebElement.java:224)
at org.openqa.selenium.remote.RemoteWebElement.click(RemoteWebElement.java:77)
at org.openqa.selenium.support.pagefactory.internal.LocatingElementHandler.invoke(LocatingElementHandler.java:51)
at com.sun.proxy.$Proxy28.click(Unknown Source)
at capstone.pharmeasy.po.OrderValuePO.addtoCart(OrderValuePO.java:70)
at capstone.pharmeasy.pim.PharmeasyTest.pharmeasyOrderFromValuetest(PharmeasyTest.java:72)
at java.base/java.util.ArrayList.forEach(ArrayList.java:1541)
... Removed 34 stack frames]]>
    </failure>
  </testcase> <!-- pharmeasyOrderFromValuetest -->
  <testcase classname="capstone.pharmeasy.pim.PharmeasyTest" name="testFileUpload" time="0.0">
    <skipped/>
  </testcase> <!-- testFileUpload -->
  <testcase classname="capstone.pharmeasy.pim.CartPageTest" name="AddToCart" time="16.423"/>
  <testcase classname="capstone.pharmeasy.pim.CartPageTest" name="RemoveCart" time="3.285"/>
  <testcase classname="capstone.pharmeasy.pim.Browser" name="@AfterTest afterTest" time="0.0">
    <ignored/>
  </testcase> <!-- @AfterTest afterTest -->
  <testcase classname="capstone.pharmeasy.pim.Browser" name="@AfterTest afterTest" time="0.0">
    <ignored/>
  </testcase> <!-- @AfterTest afterTest -->
  <testcase classname="capstone.pharmeasy.pim.Browser" name="@AfterTest afterTest" time="0.0">
    <ignored/>
  </testcase> <!-- @AfterTest afterTest -->
  <testcase classname="capstone.pharmeasy.pim.Browser" name="@AfterTest afterTest" time="0.0">
    <ignored/>
  </testcase> <!-- @AfterTest afterTest -->
  <testcase classname="capstone.pharmeasy.pim.Browser" name="@BeforeTest beforeTest" time="0.0">
    <ignored/>
  </testcase> <!-- @BeforeTest beforeTest -->
  <testcase classname="capstone.pharmeasy.pim.Browser" name="@BeforeTest beforeTest" time="0.0">
    <ignored/>
  </testcase> <!-- @BeforeTest beforeTest -->
  <testcase classname="capstone.pharmeasy.pim.Browser" name="@BeforeTest beforeTest" time="0.0">
    <ignored/>
  </testcase> <!-- @BeforeTest beforeTest -->
  <testcase classname="capstone.pharmeasy.pim.Browser" name="@BeforeTest beforeTest" time="0.0">
    <ignored/>
  </testcase> <!-- @BeforeTest beforeTest -->
</testsuite> <!-- Testng -->
