<?xml version="1.0" encoding="UTF-8"?>
<testng-results ignored="0" total="3" passed="3" failed="0" skipped="0">
  <reporter-output>
  </reporter-output>
  <suite started-at="2024-04-11T12:34:41 IST" name="Default suite" finished-at="2024-04-11T12:36:44 IST" duration-ms="122663">
    <groups>
      <group name="cucumber">
        <method signature="AbstractTestNGCucumberTests.runScenario(io.cucumber.testng.PickleWrapper,io.cucumber.testng.FeatureWrapper)[pri:0, instance:capstone.pharmeasy.cucumbertest.PharmeasyTestRunner@3d829787]" name="runScenario" class="io.cucumber.testng.AbstractTestNGCucumberTests"/>
      </group> <!-- cucumber -->
    </groups>
    <test started-at="2024-04-11T12:34:41 IST" name="Default test" finished-at="2024-04-11T12:36:44 IST" duration-ms="122663">
      <class name="capstone.pharmeasy.cucumbertest.PharmeasyTestRunner">
        <test-method is-config="true" signature="setUpClass(org.testng.ITestContext)[pri:0, instance:capstone.pharmeasy.cucumbertest.PharmeasyTestRunner@3d829787]" started-at="2024-04-11T12:34:41 IST" name="setUpClass" finished-at="2024-04-11T12:34:42 IST" duration-ms="741" status="PASS">
          <params>
            <param index="0">
              <value>
                <![CDATA[org.testng.TestRunner@41576e84]]>
              </value>
            </param>
          </params>
          <reporter-output>
          </reporter-output>
        </test-method> <!-- setUpClass -->
        <test-method signature="runScenario(io.cucumber.testng.PickleWrapper,io.cucumber.testng.FeatureWrapper)[pri:0, instance:capstone.pharmeasy.cucumbertest.PharmeasyTestRunner@3d829787]" started-at="2024-04-11T12:34:42 IST" name="runScenario" description="Runs Cucumber Scenarios" data-provider="scenarios" finished-at="2024-04-11T12:35:36 IST" duration-ms="54345" status="PASS">
          <params>
            <param index="0">
              <value>
                <![CDATA["i am on the pharmeasy home page"]]>
              </value>
            </param>
            <param index="1">
              <value>
                <![CDATA["Pharmeasy pacakge functionality"]]>
              </value>
            </param>
          </params>
          <reporter-output>
          </reporter-output>
        </test-method> <!-- runScenario -->
        <test-method signature="runScenario(io.cucumber.testng.PickleWrapper,io.cucumber.testng.FeatureWrapper)[pri:0, instance:capstone.pharmeasy.cucumbertest.PharmeasyTestRunner@3d829787]" started-at="2024-04-11T12:35:36 IST" name="runScenario" description="Runs Cucumber Scenarios" data-provider="scenarios" finished-at="2024-04-11T12:36:11 IST" duration-ms="34589" status="PASS">
          <params>
            <param index="0">
              <value>
                <![CDATA["Add a personal care product to the cart"]]>
              </value>
            </param>
            <param index="1">
              <value>
                <![CDATA["Pharmeasy pacakge functionality"]]>
              </value>
            </param>
          </params>
          <reporter-output>
          </reporter-output>
        </test-method> <!-- runScenario -->
        <test-method signature="runScenario(io.cucumber.testng.PickleWrapper,io.cucumber.testng.FeatureWrapper)[pri:0, instance:capstone.pharmeasy.cucumbertest.PharmeasyTestRunner@3d829787]" started-at="2024-04-11T12:36:11 IST" name="runScenario" description="Runs Cucumber Scenarios" data-provider="scenarios" finished-at="2024-04-11T12:36:41 IST" duration-ms="30445" status="PASS">
          <params>
            <param index="0">
              <value>
                <![CDATA["Sort products by Discount"]]>
              </value>
            </param>
            <param index="1">
              <value>
                <![CDATA["Pharmeasy pacakge functionality"]]>
              </value>
            </param>
          </params>
          <reporter-output>
          </reporter-output>
        </test-method> <!-- runScenario -->
        <test-method is-config="true" signature="tearDownClass()[pri:0, instance:capstone.pharmeasy.cucumbertest.PharmeasyTestRunner@3d829787]" started-at="2024-04-11T12:36:41 IST" name="tearDownClass" finished-at="2024-04-11T12:36:44 IST" duration-ms="2447" status="PASS">
          <reporter-output>
          </reporter-output>
        </test-method> <!-- tearDownClass -->
      </class> <!-- capstone.pharmeasy.cucumbertest.PharmeasyTestRunner -->
    </test> <!-- Default test -->
  </suite> <!-- Default suite -->
</testng-results>
